{
  "RSpec": {
    "coverage": {
      "/Users/dominicpadula/turing/Mod3/projects/whether_sweater/app/models/user.rb": {
        "lines": [
          1,
          1,
          1,
          1,
          1,
          2,
          1,
          1,
          null,
          1,
          1,
          null,
          null
        ]
      },
      "/Users/dominicpadula/turing/Mod3/projects/whether_sweater/app/models/application_record.rb": {
        "lines": [
          1,
          1,
          null
        ]
      },
      "/Users/dominicpadula/turing/Mod3/projects/whether_sweater/app/controllers/api/v1/roadtrip_controller.rb": {
        "lines": [
          1,
          1,
          1,
          null,
          1,
          1,
          1,
          0,
          null,
          1,
          null,
          null,
          null,
          null,
          null
        ]
      },
      "/Users/dominicpadula/turing/Mod3/projects/whether_sweater/app/controllers/application_controller.rb": {
        "lines": [
          1,
          null,
          1,
          1,
          null,
          1,
          0,
          null,
          null,
          null,
          1,
          0,
          null,
          null
        ]
      },
      "/Users/dominicpadula/turing/Mod3/projects/whether_sweater/app/facades/roadtrip_facade.rb": {
        "lines": [
          1,
          null,
          1,
          1,
          1,
          1,
          1,
          1,
          null,
          null,
          null,
          1,
          1,
          null,
          null,
          null,
          null,
          null,
          null,
          1,
          1,
          1,
          1,
          null,
          null,
          1,
          1,
          null,
          null
        ]
      },
      "/Users/dominicpadula/turing/Mod3/projects/whether_sweater/app/services/map_service.rb": {
        "lines": [
          1,
          null,
          1,
          1,
          1,
          1,
          1,
          null,
          1,
          null,
          null,
          1,
          1,
          1,
          1,
          1,
          1,
          null,
          1,
          null,
          null
        ]
      },
      "/Users/dominicpadula/turing/Mod3/projects/whether_sweater/app/services/forecast_service.rb": {
        "lines": [
          1,
          null,
          1,
          0,
          0,
          0,
          0,
          0,
          0,
          0,
          null,
          0,
          null,
          null,
          null,
          1,
          1,
          1,
          1,
          1,
          1,
          1,
          1,
          1,
          1,
          null,
          null,
          null
        ]
      }
    },
    "timestamp": 1620007858
  }
}
