{
  "RSpec": {
    "coverage": {
      "/Users/dominicpadula/turing/Mod3/projects/whether_sweater/app/models/user.rb": {
        "lines": [
          1,
          1,
          1,
          1,
          1,
          10,
          1,
          1,
          null,
          1,
          9,
          null,
          null
        ]
      },
      "/Users/dominicpadula/turing/Mod3/projects/whether_sweater/app/models/application_record.rb": {
        "lines": [
          1,
          1,
          null
        ]
      },
      "/Users/dominicpadula/turing/Mod3/projects/whether_sweater/app/facades/background_facade.rb": {
        "lines": [
          1,
          null,
          1,
          2,
          2,
          1,
          null,
          1,
          null,
          null,
          null,
          1,
          2,
          null,
          null,
          null,
          null,
          null,
          1,
          3,
          null,
          null,
          null,
          null,
          null,
          1,
          1,
          null,
          null,
          null,
          null,
          null
        ]
      },
      "/Users/dominicpadula/turing/Mod3/projects/whether_sweater/app/services/pixel_service.rb": {
        "lines": [
          1,
          null,
          null,
          1,
          5,
          5,
          5,
          5,
          5,
          null,
          5,
          null,
          null
        ]
      },
      "/Users/dominicpadula/turing/Mod3/projects/whether_sweater/app/facades/roadtrip_facade.rb": {
        "lines": [
          1,
          null,
          1,
          5,
          5,
          3,
          null,
          2,
          2,
          2,
          2,
          null,
          null,
          null,
          null,
          1,
          3,
          null,
          null,
          null,
          null,
          null,
          null,
          1,
          6,
          5,
          5,
          5,
          null,
          1,
          null,
          null,
          null,
          1,
          4,
          4,
          192,
          null,
          4,
          null,
          null,
          1,
          3,
          null,
          null,
          null,
          null,
          null
        ]
      },
      "/Users/dominicpadula/turing/Mod3/projects/whether_sweater/app/services/forecast_service.rb": {
        "lines": [
          1,
          null,
          1,
          10,
          10,
          10,
          10,
          10,
          10,
          10,
          null,
          10,
          null,
          null,
          null,
          1,
          4,
          4,
          4,
          4,
          4,
          4,
          4,
          4,
          4,
          null,
          4,
          null,
          null
        ]
      },
      "/Users/dominicpadula/turing/Mod3/projects/whether_sweater/app/services/map_service.rb": {
        "lines": [
          1,
          null,
          1,
          12,
          12,
          12,
          12,
          null,
          12,
          null,
          null,
          1,
          6,
          6,
          6,
          6,
          6,
          null,
          6,
          null,
          null
        ]
      },
      "/Users/dominicpadula/turing/Mod3/projects/whether_sweater/app/facades/salary_facade.rb": {
        "lines": [
          1,
          null,
          1,
          3,
          3,
          3,
          3,
          3,
          null,
          null,
          1,
          4,
          null,
          null,
          null,
          null,
          null,
          1,
          7,
          null,
          null,
          null,
          null,
          1,
          9,
          238,
          null,
          null,
          null,
          null,
          9,
          38,
          null,
          null,
          null,
          null,
          null,
          null,
          1,
          77,
          77,
          77,
          null,
          null
        ]
      },
      "/Users/dominicpadula/turing/Mod3/projects/whether_sweater/app/services/salary_service.rb": {
        "lines": [
          1,
          null,
          1,
          null,
          1,
          4,
          4,
          null,
          4,
          4,
          4,
          null,
          null,
          1,
          4,
          4,
          4,
          4,
          null,
          null,
          1,
          5,
          5,
          null,
          null
        ]
      },
      "/Users/dominicpadula/turing/Mod3/projects/whether_sweater/app/facades/weather_facade.rb": {
        "lines": [
          1,
          null,
          1,
          3,
          3,
          3,
          3,
          null,
          null,
          1,
          3,
          null,
          null,
          null,
          null,
          null,
          1,
          5,
          null,
          null,
          null,
          null,
          null,
          null,
          null,
          null,
          null,
          null,
          null,
          null,
          1,
          null,
          24,
          3,
          null,
          null,
          1,
          null,
          144,
          3,
          null,
          null,
          1,
          27,
          null,
          null,
          null,
          null,
          null,
          null,
          null,
          null,
          null,
          null,
          null,
          1,
          146,
          null,
          null,
          null,
          null,
          null,
          null,
          1,
          70,
          null,
          null,
          1,
          147,
          null,
          null,
          1,
          28,
          null,
          null
        ]
      },
      "/Users/dominicpadula/turing/Mod3/projects/whether_sweater/app/controllers/api/v1/background_controller.rb": {
        "lines": [
          1,
          1,
          1,
          null,
          1,
          4,
          2,
          2,
          null,
          2,
          null,
          null,
          null,
          null,
          null
        ]
      },
      "/Users/dominicpadula/turing/Mod3/projects/whether_sweater/app/controllers/application_controller.rb": {
        "lines": [
          1,
          null,
          1,
          1,
          null,
          1,
          6,
          null,
          null,
          null,
          1,
          5,
          null,
          null
        ]
      },
      "/Users/dominicpadula/turing/Mod3/projects/whether_sweater/app/serializer/background_serializer.rb": {
        "lines": [
          1,
          1,
          1,
          1,
          1,
          null
        ]
      },
      "/Users/dominicpadula/turing/Mod3/projects/whether_sweater/app/controllers/api/v1/user_controller.rb": {
        "lines": [
          1,
          1,
          1,
          null,
          1,
          6,
          6,
          1,
          null,
          null,
          null,
          null
        ]
      },
      "/Users/dominicpadula/turing/Mod3/projects/whether_sweater/app/serializer/users_serializer.rb": {
        "lines": [
          1,
          1,
          1,
          null
        ]
      },
      "/Users/dominicpadula/turing/Mod3/projects/whether_sweater/app/controllers/api/v1/forecast_controller.rb": {
        "lines": [
          1,
          1,
          1,
          null,
          1,
          4,
          2,
          2,
          null,
          2,
          null,
          null,
          null,
          null,
          null
        ]
      },
      "/Users/dominicpadula/turing/Mod3/projects/whether_sweater/app/serializer/forecast_serializer.rb": {
        "lines": [
          1,
          1,
          1,
          1,
          null
        ]
      },
      "/Users/dominicpadula/turing/Mod3/projects/whether_sweater/app/controllers/api/v1/roadtrip_controller.rb": {
        "lines": [
          1,
          1,
          1,
          null,
          1,
          6,
          6,
          2,
          4,
          1,
          null,
          3,
          3,
          null,
          null,
          null,
          null,
          null
        ]
      },
      "/Users/dominicpadula/turing/Mod3/projects/whether_sweater/app/serializer/roadtrip_serializer.rb": {
        "lines": [
          1,
          1,
          1,
          1,
          null
        ]
      },
      "/Users/dominicpadula/turing/Mod3/projects/whether_sweater/app/controllers/api/v1/salary_controller.rb": {
        "lines": [
          1,
          1,
          1,
          null,
          1,
          4,
          2,
          2,
          null,
          2,
          null,
          null,
          null,
          null,
          null
        ]
      },
      "/Users/dominicpadula/turing/Mod3/projects/whether_sweater/app/serializer/salaries_serializer.rb": {
        "lines": [
          1,
          1,
          1,
          1,
          null
        ]
      },
      "/Users/dominicpadula/turing/Mod3/projects/whether_sweater/app/controllers/api/v1/session_controller.rb": {
        "lines": [
          1,
          1,
          1,
          null,
          1,
          3,
          3,
          1,
          null,
          2,
          null,
          null,
          null,
          null,
          null
        ]
      }
    },
    "timestamp": 1620352965
  }
}
